time="2020-08-31T14:36:40+08:00" level=info msg=1
time="2020-08-31T14:41:01+08:00" level=debug msg=33
time="2020-08-31T14:41:01+08:00" level=info msg=1
time="2020-08-31T14:44:26+08:00" level=info msg=1
time="2020-08-31T14:45:25+08:00" level=info msg=11
time="2020-08-31T14:45:25+08:00" level=debug msg=33
time="2020-08-31T14:45:25+08:00" level=info msg=1
time="2020-08-31T14:45:43+08:00" level=info msg=222
time="2020-08-31T14:45:43+08:00" level=debug msg=33
time="2020-08-31T14:45:43+08:00" level=info msg=1
time="2020-08-31T14:50:09+08:00" level=info msg=222
time="2020-08-31T14:50:09+08:00" level=debug msg=33
time="2020-08-31T14:50:09+08:00" level=info msg=1
time="2020-08-31T14:50:33+08:00" level=info msg=222
time="2020-08-31T14:50:33+08:00" level=debug msg=33
time="2020-08-31T14:50:33+08:00" level=info msg=1
time="2020-08-31T14:50:40+08:00" level=info msg=222
time="2020-08-31T14:50:40+08:00" level=debug msg=33
time="2020-08-31T14:50:40+08:00" level=info msg=1
time="2020-08-31T14:51:34+08:00" level=info msg=222
time="2020-08-31T14:51:34+08:00" level=debug msg=33
time="2020-08-31T14:51:34+08:00" level=info msg=1
time="2020-08-31T14:52:02+08:00" level=warning msg=111
time="2020-08-31T14:52:02+08:00" level=info msg=222
time="2020-08-31T14:52:02+08:00" level=debug msg=33
time="2020-08-31T14:52:02+08:00" level=info msg=1
time="2020-08-31T14:53:33+08:00" level=warning msg=111
time="2020-08-31T14:53:33+08:00" level=info msg=222
time="2020-08-31T14:53:33+08:00" level=debug msg=33
time="2020-08-31T14:53:33+08:00" level=info msg=1
time="2020-08-31T14:53:53+08:00" level=warning msg=111
time="2020-08-31T14:53:53+08:00" level=info msg=222
time="2020-08-31T14:53:53+08:00" level=debug msg=33
time="2020-08-31T14:53:53+08:00" level=info msg=1
time="2020-08-31T14:56:27+08:00" level=info msg=1
time="2020-08-31T14:56:35+08:00" level=info msg=1
time="2020-08-31T14:57:04+08:00" level=debug msg="d%!(EXTRA int=123)"
time="2020-08-31T14:57:15+08:00" level=debug msg=123
time="2020-08-31T15:05:14+08:00" level=info msg="&{cacherMgr:0xc000384a40 defaultContext:0xc0000a6008 dialect:0xc000386200 engineGroup:<nil> logger:0xc00038e060 tagParser:0xc000386280 db:0xc00033d140 driverName:mysql dataSourceName:root:123@(127.0.0.1)/test?charset=utf8&parseTime=True&loc=Local TZLocation:Local DatabaseTZ:Local logSessionID:false}"
time="2020-08-31T15:05:36+08:00" level=info msg=0x13b05f0
time="2020-08-31T15:07:31+08:00" level=info msg=0x13b06f0
time="2020-08-31T15:11:37+08:00" level=info msg=0x13b07e0
time="2020-08-31T15:11:37+08:00" level=info msg="insert 1 rows"
time="2020-08-31T15:15:05+08:00" level=info msg=0x13b07e0
time="2020-08-31T15:15:05+08:00" level=info msg="insert 1 rows"
time="2020-08-31T16:42:17+08:00" level=info msg=0x13b07e0
time="2020-08-31T16:42:17+08:00" level=info msg="insert 1 rows"
time="2020-08-31T16:49:50+08:00" level=info msg=0x13b0880
time="2020-08-31T16:49:50+08:00" level=info msg="insert 1 rows"
time="2020-08-31T17:19:09+08:00" level=info msg=0x13b0880
time="2020-08-31T17:19:09+08:00" level=info msg="insert 1 rows"
time="2020-08-31T17:48:20+08:00" level=info msg=0x13b08a0
time="2020-08-31T17:48:20+08:00" level=info msg="insert 1 rows"
time="2020-08-31T18:01:42+08:00" level=info msg=0x13b08a0
time="2020-08-31T18:01:42+08:00" level=info msg="insert 1 rows"
