time="2020-09-17T10:55:10+08:00" level=debug msg="from third"
time="2020-09-17T11:17:24+08:00" level=debug msg=../resource/b.json
time="2020-09-17T11:36:14+08:00" level=debug msg=../resource/b.json
time="2020-09-17T11:38:46+08:00" level=debug msg=../resource/a.dat
time="2020-09-17T11:43:13+08:00" level=debug msg=../resource/a.dat
time="2020-09-17T11:47:52+08:00" level=debug msg=../resource/a.dat
time="2020-09-17T11:48:19+08:00" level=debug msg=../resource/a.dat
time="2020-09-17T11:48:49+08:00" level=debug msg=../resource/a.dat
time="2020-09-17T11:55:12+08:00" level=debug msg=../resource/a.dat
time="2020-09-17T11:56:04+08:00" level=debug msg=../resource/a.dat
time="2020-09-17T11:56:18+08:00" level=debug msg=../resource/a.dat
time="2020-09-17T11:56:41+08:00" level=debug msg=../resource/a.dat
time="2020-09-17T11:58:17+08:00" level=debug msg=../resource/a.dat
time="2020-09-17T11:58:26+08:00" level=debug msg=../resource/a.dat
time="2020-09-17T11:58:33+08:00" level=debug msg=../resource/a.dat
time="2020-09-17T11:59:01+08:00" level=debug msg=../resource/a.dat
time="2020-09-17T13:41:04+08:00" level=debug msg=../resource/a.dat
time="2020-09-17T13:41:14+08:00" level=debug msg=../resource/a.dat
time="2020-09-17T13:41:23+08:00" level=debug msg=../resource/a.dat
time="2020-09-17T13:47:54+08:00" level=debug msg=../resource/a.dat
time="2020-09-17T13:47:58+08:00" level=debug msg=../resource/a.dat
time="2020-09-17T13:48:17+08:00" level=debug msg=../resource/a.dat
time="2020-09-17T16:41:46+08:00" level=debug msg=../resource/a.dat
time="2020-09-17T16:41:51+08:00" level=debug msg=../resource/a.dat
time="2020-09-17T17:10:08+08:00" level=debug msg=../resource/a.dat
time="2020-09-17T17:10:17+08:00" level=debug msg=../resource/a.dat
time="2020-09-17T17:10:24+08:00" level=debug msg=../resource/a.dat
time="2020-09-17T17:10:32+08:00" level=debug msg=../resource/a.dat
time="2020-09-17T17:10:57+08:00" level=debug msg=../resource/a.dat
time="2020-09-17T17:11:57+08:00" level=debug msg=../resource/a.dat
time="2020-09-17T17:15:21+08:00" level=debug msg=../resource/a.dat
time="2020-09-17T17:30:09+08:00" level=debug msg=../resource/a.dat
time="2020-09-17T17:30:42+08:00" level=debug msg=../resource/a.dat
time="2020-09-17T17:30:42+08:00" level=debug msg="[[98 105 110 100 105 110 103 115 58 97 114 114 97 121 32 40 32 32 32 48 32 61 62 32 39 39 44 32 41 32 100 98 110 97 109 101 58 116 111 119 110 103 97 115 95 117 115 101 114 95 49 32 116 105 109 101 58 57 46 49 55 34 32 91 93 73 78 70 79 32 49 57 55 49 53 57 98 102 51 99 54 101 55 57 54 54 102 102 97 53 99 50 51 48 55 55 49 102 50 57 57 56 32 34 115 113 108 58 115 101 108 101 99 116 32 96 115 105 109 112 108 101 95 100 114 97 119 95 108 101 102 116 95 116 105 109 101 115 96 32 102 114 111 109 32 96 116 95 116 97 115 107 95 114 101 119 97 114 100 95] [101 116 97 105 108 95 49 96 32 119 104 101 114 101 32 40 96 116 114 100 95 115 101 113 96 32 61 32 63 41 32 108 105 109 105 116 32 49 32] [98 105 110 100 105 110 103 115 58 97 114 114 97 121 32 40 32 32 32 48 32 61 62 32 39 39 44 32 41 32 100 98 110 97 109 101 58 116 111 119 110 103 97 115 95 117 115 101 114 95 49 32 116 105 109 101 58 57 46 49 55 34 32 91 93 73 78 70 79 32 49 57 55 49 53 57 98 102 51 99 54 101 55 57 54 54 102 102 97 53 99 50 51 48 55 55 49 102 50 57 57 56 32 34 115 113 108 58 115 101 108 101 99 116 32 96 115 105 109 112 108 101 95 100 114 97 119 95 108 101 102 116 95 116 105 109 101 115 96 32 102 114 111 109 32 96 116 95 116 97 115 107 95 114 101 119 97 114 100 95 100 101 116 97 105 108 95 49 96 32 119 104 101 114 101 32 40 96 116 114 100 95 115 101 113 96 32 61 32 63 41 32 108 105 109 105 116 32 49 32] [98 105 110 100 105 110 103 115 58 97 114 114 97 121 32 40 32 32 32 48 32 61 62 32 39 39 44 32 41 32 100 98 110 97 109 101 58 116 111 119 110 103 97] [95 117 115 101 114 95 49 32 116 105 109 101 58 57 46 49 55 34 32 91 93 73 78 70 79 32 49 57 55 49 53 57 98 102 51 99 54 101 55 57 54 54 102 102 97 53 99 50 51 48 55 55 49 102 50 57 57 56 32 34 115 113 108 58 115 101 108 101 99 116 32 96 115 105 109 112 108 101 95 100 114 97 119 95 108 101 102 116 95 116 105 109 101 115 96 32 102 114 111 109 32 96 116 95 116 97 115 107 95 114 101 119 97 114 100 95 100 101 116 97 105 108 95 49 96 32 119 104 101 114 101 32 40 96 116 114 100 95 115 101 113 96 32 61 32 63 41 32 108 105 109 105 116 32 49 32] [98 105 110 100 105 110 103 115 58 97 114 114 97 121 32 40 32 32 32 48 32 61 62 32 39 39 44 32 41 32 100 98 110 97 109 101 58 116 111 119 110 103 97 115 95 117 115 101 114 95 49 32 116 105 109 101 58 57 46 49 55 34 32 91 93 73 78 70 79 32 49 57 55 49 53 57 98 102 51 99 54 101 55 57 54 54 102 102 97 53 99 50 51 48 55 55 49 102 50 57 57 56 32 34 115 113 108 58 115 101 108 101 99 116 32 96 115 105 109 112 108 101 95 100 114 97 119] [108 101 102 116 95 116 105 109 101 115 96 32 102 114 111 109 32 96 116 95 116 97 115 107 95 114 101 119 97 114 100 95 100 101 116 97 105 108 95 49 96 32 119 104 101 114 101 32 40 96 116 114 100 95 115 101 113 96 32 61 32 63 41 32 108 105 109 105 116 32 49 32] [98 105 110 100 105 110 103 115 58 97 114 114 97 121 32 40 32 32 32 48 32 61 62 32 39 39 44 32 41 32 100 98 110 97 109 101 58 116 111 119 110 103 97 115 95 117 115 101 114 95 49 32 116 105 109 101 58 57 46 49 55 34 32 91 93 73 78 70 79 32 49 57 55 49 53 57 98 102 51 99 54 101 55 57 54 54 102 102 97 53 99 50 51 48 55 55 49 102 50 57 57 56 32 34 115 113 108 58 115 101 108 101 99 116 32 96 115 105 109 112 108 101 95 100 114 97 119 95 108 101 102 116 95 116 105 109 101 115 96 32 102 114 111 109 32 96 116 95 116 97 115 107 95 114 101 119 97 114 100 95 100 101 116 97 105 108 95 49 96 32 119 104 101 114 101 32 40 96 116 114 100 95 115 101 113 96 32 61 32 63 41 32 108 105 109 105 116 32 49 32] [98 105 110 100 105 110 103 115 58 97 114 114 97 121 32 40 32 32 32 48 32 61 62 32 39 39 44 32 41 32 100 98 110 97 109 101 58 116 111 119 110 103 97 115 95 117 115 101 114 95 49 32 116 105 109 101 58 57 46 49 55 34 32 91 93 73 78 70 79] [49 57 55 49 53 57 98 102 51 99 54 101 55 57 54 54 102 102 97 53 99 50 51 48 55 55 49 102 50 57 57 56 32 34 115 113 108 58 115 101 108 101 99 116 32 96 115 105 109 112 108 101 95 100 114 97 119 95 108 101 102 116 95 116 105 109 101 115 96 32 102 114 111 109 32 96 116 95 116 97 115 107 95 114 101 119 97 114 100 95 100 101 116 97 105 108 95 49 96 32 119 104 101 114 101 32 40 96 116 114 100 95 115 101 113 96 32 61 32 63 41 32 108 105 109 105 116 32 49 32] [98 105 110 100 105 110 103 115 58 97 114 114 97 121 32 40 32 32 32 48 32 61 62 32 39 39 44 32 41 32 100 98 110 97 109 101 58 116 111 119 110 103 97 115 95 117 115 101 114 95 49 32 116 105 109 101 58 57 46 49 55 34 32 91 93 73 78 70 79 32 49 57 55 49 53 57 98 102 51 99 54 101 55 57 54 54 102 102 97 53 99 50 51 48 55 55 49 102 50 57 57 56 32 34 115 113 108 58 115 101 108 101 99 116 32 96 115 105 109 112 108 101 95 100 114 97 119 95 108 101 102 116 95 116 105 109 101 115 96 32 102 114 111 109 32 96 116 95 116 97 115 107 95 114 101 119 97 114 100 95 100 101 116 97 105 108 95 49 96 32 119 104 101 114 101 32 40 96 116 114 100 95 115 101 113 96 32 61 32 63 41 32 108 105 109 105 116 32 49 32] [98 105 110 100 105 110 103 115 58 97 114 114 97 121 32 40 32 32 32 48 32 61 62 32 39] [44 32 41 32 100 98 110 97 109 101 58 116 111 119 110 103 97 115 95 117 115 101 114 95 49 32 116 105 109 101 58 57 46 49 55 34 32 91 93 73 78 70 79 32 49 57 55 49 53 57 98 102 51 99 54 101 55 57 54 54 102 102 97 53 99 50 51 48 55 55 49 102 50 57 57 56 32 34 115 113 108 58 115 101 108 101 99 116 32 96 115 105 109 112 108 101 95 100 114 97 119 95 108 101 102 116 95 116 105 109 101 115 96 32 102 114 111 109 32 96 116 95 116 97 115 107 95 114 101 119 97 114 100 95 100 101 116 97 105 108 95 49 96 32 119 104 101 114] [32 40 96 116 114 100 95 115 101 113 96 32 61 32 63 41 32 108 105 109 105 116 32 49 32] [98 105 110 100 105 110 103 115 58 97 114 114 97 121 32 40 32 32 32 48 32 61 62 32 39 39 44 32 41 32 100 98 110 97 109 101 58 116 111 119 110 103 97 115 95 117 115 101 114 95 49 32 116 105 109 101 58 57 46 49 55 34 32 91 93 73 78 70 79 32 49 57 55 49 53 57 98 102 51 99 54 101 55 57 54 54 102 102 97 53 99 50 51 48 55 55 49 102 50 57 57 56 32 34 115 113 108 58 115 101 108 101 99 116 32 96 115 105 109 112 108 101 95 100 114 97 119 95 108 101 102 116 95 116 105 109 101 115 96 32 102 114 111 109 32 96 116 95 116 97 115 107 95 114 101 119 97 114 100 95 100 101 116 97 105 108 95 49 96 32 119 104 101 114 101 32 40 96 116 114 100 95 115 101 113 96 32 61 32 63 41 32 108 105 109 105 116 32 49 32] [98 105 110 100 105 110 103 115 58 97 114 114 97 121 32 40 32 32 32 48 32 61 62 32 39 39 44 32 41 32 100 98 110 97 109 101 58 116 111 119 110 103 97 115 95 117 115 101 114 95 49 32 116 105 109 101 58 57 46 49 55 34 32 91 93 73 78 70 79 32 49 57 55 49 53 57 98 102 51 99 54 101 55 57 54 54 102 102 97 53 99 50 51 48 55 55 49 102 50 57 57 56 32 34 115 113 108 58 115 101 108 101 99 116 32 96 115 105 109 112 108 101 95 100 114 97 119 95 108 101 102] [95 116 105 109 101 115 96 32 102 114 111 109 32 96 116 95 116 97 115 107 95 114 101 119 97 114 100 95 100 101 116 97 105 108 95 49 96 32 119 104 101 114 101 32 40 96 116 114 100 95 115 101 113 96 32 61 32 63 41 32 108 105 109 105 116 32 49 32] [98 105 110 100 105 110 103 115 58 97 114 114 97 121 32 40 32 32 32 48 32 61 62 32 39 39 44 32 41 32 100 98 110 97 109 101 58 116 111 119 110 103 97 115 95 117 115 101 114 95 49 32 116 105 109 101 58 57 46 49 55 34 32 91 93 73 78 70 79 32 49 57 55 49 53 57 98 102 51 99 54 101 55 57 54 54 102 102 97 53 99 50 51 48 55 55 49 102 50 57 57 56 32 34 115 113 108 58 115 101 108 101 99 116 32 96 115 105 109 112 108 101 95 100 114 97 119 95 108 101 102 116 95 116 105 109 101 115 96 32 102 114 111 109 32 96 116 95 116 97 115 107 95 114 101 119 97 114 100 95 100 101 116 97 105 108 95 49 96 32 119 104 101 114 101 32 40 96 116 114 100 95 115 101 113 96 32 61 32 63 41 32 108 105 109 105 116 32 49 32] [98 105 110 100 105 110 103 115 58 97 114 114 97 121 32 40 32 32] [48 32 61 62 32 39 39 44 32 41 32 100 98 110 97 109 101 58 116 111 119 110 103 97 115 95 117 115 101 114 95 49 32 116 105 109 101 58 57 46 49 55 34 32 91 93 73 78 70 79 32 49 57 55 49 53 57 98 102 51 99 54 101 55 57 54 54 102 102 97 53 99 50 51 48 55 55 49 102 50 57 57 56 32 34 115 113 108 58 115 101 108 101 99 116 32 96 115 105 109 112 108 101 95 100 114 97 119 95 108 101 102 116 95 116 105 109 101 115 96 32 102 114 111 109 32 96 116 95 116 97 115 107 95 114 101 119 97 114 100 95 100 101 116 97 105 108 95 49 96 32 119 104 101 114 101 32 40 96 116 114 100 95 115 101 113 96 32 61 32 63 41 32 108 105 109 105 116 32 49 32] [98 105 110 100 105 110 103 115 58 97 114 114 97 121 32 40 32 32 32 48 32 61 62 32 39 39 44 32 41 32 100 98 110 97 109 101 58 116 111 119 110 103 97 115 95 117 115 101 114 95 49 32 116 105 109 101 58 57 46 49 55 34 32 91 93 73 78 70 79 32 49 57 55 49 53 57 98 102 51 99 54 101 55 57 54 54 102 102 97 53 99 50 51 48 55 55 49 102 50 57 57 56 32 34 115 113 108 58 115 101 108 101 99 116 32 96 115 105 109 112 108 101 95 100 114 97 119 95 108 101 102 116 95 116 105 109 101 115 96 32 102 114 111 109 32 96 116 95 116 97 115 107 95 114 101 119 97 114 100 95 100 101 116 97 105 108 95 49 96 32 119 104 101 114 101 32 40 96 116 114 100 95 115 101 113 96 32 61 32 63 41 32 108 105 109 105 116 32 49 32]]"
time="2020-09-17T17:32:16+08:00" level=debug msg=../resource/a.dat
time="2020-09-17T17:32:48+08:00" level=debug msg=../all.log
time="2020-09-17T17:38:38+08:00" level=debug msg="from third"
time="2020-09-17T17:39:08+08:00" level=debug msg="from third"
time="2020-09-17T17:39:11+08:00" level=debug msg=../all.log
time="2020-09-17T17:41:12+08:00" level=debug msg="from third"
time="2020-09-17T17:41:57+08:00" level=debug msg="from third"
time="2020-09-18T09:59:58+08:00" level=debug msg=../all.log
