time="2020-09-16T17:21:07+08:00" level=info msg=/usr/local/var/code/golab/resource/b.json
time="2020-09-16T17:21:36+08:00" level=info msg=/usr/local/var/code/golab/resource/b.json
time="2020-09-16T17:24:36+08:00" level=info msg=/usr/local/var/code/golab/resource/b.json
time="2020-09-16T17:25:12+08:00" level=info msg=/usr/local/var/code/golab/resource/b.json
time="2020-09-16T17:25:50+08:00" level=info msg=/usr/local/var/code/golab/resource/b.json
time="2020-09-16T17:26:21+08:00" level=info msg=/usr/local/var/code/golab/resource/b.json
time="2020-09-16T17:26:21+08:00" level=info msg=b.json
time="2020-09-16T17:27:16+08:00" level=info msg=/usr/local/var/code/golab/resource/b.json
time="2020-09-16T17:27:16+08:00" level=info msg=b.json
time="2020-09-16T17:30:57+08:00" level=info msg=/usr/local/var/code/golab/resource/b.json
time="2020-09-16T17:30:57+08:00" level=info msg=b.json
time="2020-09-16T17:30:57+08:00" level=info msg=.json
time="2020-09-16T17:34:38+08:00" level=info msg=/usr/local/var/code/golab/resource/b.json
time="2020-09-16T17:34:38+08:00" level=info msg=b.json
time="2020-09-16T17:34:38+08:00" level=info msg=.json
time="2020-09-16T17:34:38+08:00" level=info msg=..//resource//../../filepath
time="2020-09-16T17:35:11+08:00" level=info msg=/usr/local/var/code/golab/resource/b.json
time="2020-09-16T17:35:11+08:00" level=info msg=b.json
time="2020-09-16T17:35:11+08:00" level=info msg=.json
time="2020-09-16T17:35:11+08:00" level=info msg="..\\resource//../../filepath"
time="2020-09-16T17:36:11+08:00" level=info msg=/usr/local/var/code/golab/resource/b.json
time="2020-09-16T17:36:11+08:00" level=info msg=b.json
time="2020-09-16T17:36:11+08:00" level=info msg=.json
time="2020-09-16T17:36:11+08:00" level=info msg="../ /resource//../../filepath"
time="2020-09-16T17:57:53+08:00" level=info msg=/usr/local/var/code/golab/resource/b.json
time="2020-09-16T17:57:53+08:00" level=info msg=b.json
time="2020-09-16T17:57:53+08:00" level=info msg=.json
time="2020-09-16T17:57:53+08:00" level=info msg="../ /resource//../../filepath"
